{"C:\\Users\\kangr\\Desktop\\Cursos\\Node\\06-rest-web\\src\\app.ts": {"path":"C:\\Users\\kangr\\Desktop\\Cursos\\Node\\06-rest-web\\src\\app.ts","statementMap":{"0":{"start":{"line":3,"column":23},"end":{"line":7,"column":null}},"1":{"start":{"line":6,"column":2},"end":{"line":6,"column":null}},"2":{"start":{"line":10,"column":46},"end":{"line":10,"column":null}},"3":{"start":{"line":11,"column":17},"end":{"line":11,"column":null}},"4":{"start":{"line":12,"column":2},"end":{"line":12,"column":null}}},"fnMap":{"0":{"name":"(anonymous_0)","decl":{"start":{"line":5,"column":1},"end":{"line":5,"column":13}},"loc":{"start":{"line":5,"column":13},"end":{"line":7,"column":3}},"line":5},"1":{"name":"main","decl":{"start":{"line":9,"column":15},"end":{"line":9,"column":22}},"loc":{"start":{"line":9,"column":22},"end":{"line":13,"column":null}},"line":9}},"branchMap":{},"s":{"0":1,"1":1,"2":1,"3":1,"4":1},"f":{"0":1,"1":1},"b":{},"meta":{"lastBranch":0,"lastFunction":2,"lastStatement":5,"seen":{"s:3:23:7:Infinity":0,"f:5:1:5:13":0,"s:6:2:6:Infinity":1,"f:9:15:9:22":1,"s:10:46:10:Infinity":2,"s:11:17:11:Infinity":3,"s:12:2:12:Infinity":4}}}
,"C:\\Users\\kangr\\Desktop\\Cursos\\Node\\06-rest-web\\src\\configs\\envs.config.ts": {"path":"C:\\Users\\kangr\\Desktop\\Cursos\\Node\\06-rest-web\\src\\configs\\envs.config.ts","statementMap":{"0":{"start":{"line":5,"column":20},"end":{"line":10,"column":null}},"1":{"start":{"line":5,"column":27},"end":{"line":10,"column":null}}},"fnMap":{"0":{"name":"(anonymous_0)","decl":{"start":{"line":5,"column":20},"end":{"line":5,"column":27}},"loc":{"start":{"line":5,"column":27},"end":{"line":10,"column":null}},"line":5}},"branchMap":{},"s":{"0":5,"1":7},"f":{"0":7},"b":{},"meta":{"lastBranch":0,"lastFunction":1,"lastStatement":2,"seen":{"s:5:20:10:Infinity":0,"f:5:20:5:27":0,"s:5:27:10:Infinity":1}}}
,"C:\\Users\\kangr\\Desktop\\Cursos\\Node\\06-rest-web\\src\\data\\postgres.ts": {"path":"C:\\Users\\kangr\\Desktop\\Cursos\\Node\\06-rest-web\\src\\data\\postgres.ts","statementMap":{"0":{"start":{"line":7,"column":34},"end":{"line":7,"column":null}},"1":{"start":{"line":8,"column":16},"end":{"line":8,"column":null}},"2":{"start":{"line":13,"column":4},"end":{"line":15,"column":null}}},"fnMap":{},"branchMap":{},"s":{"0":4,"1":4,"2":4},"f":{},"b":{},"meta":{"lastBranch":0,"lastFunction":0,"lastStatement":3,"seen":{"s:7:34:7:Infinity":0,"s:8:16:8:Infinity":1,"s:13:4:15:Infinity":2}}}
,"C:\\Users\\kangr\\Desktop\\Cursos\\Node\\06-rest-web\\src\\domain\\dtos\\index.ts": {"path":"C:\\Users\\kangr\\Desktop\\Cursos\\Node\\06-rest-web\\src\\domain\\dtos\\index.ts","statementMap":{},"fnMap":{},"branchMap":{},"s":{},"f":{},"b":{},"meta":{"lastBranch":0,"lastFunction":0,"lastStatement":0,"seen":{}}}
,"C:\\Users\\kangr\\Desktop\\Cursos\\Node\\06-rest-web\\src\\domain\\dtos\\todos\\create-todo.dto.ts": {"path":"C:\\Users\\kangr\\Desktop\\Cursos\\Node\\06-rest-web\\src\\domain\\dtos\\todos\\create-todo.dto.ts","statementMap":{"0":{"start":{"line":3,"column":38},"end":{"line":3,"column":59}},"1":{"start":{"line":4,"column":4},"end":{"line":4,"column":null}},"2":{"start":{"line":11,"column":41},"end":{"line":11,"column":null}},"3":{"start":{"line":13,"column":4},"end":{"line":14,"column":null}},"4":{"start":{"line":14,"column":6},"end":{"line":14,"column":null}},"5":{"start":{"line":16,"column":4},"end":{"line":18,"column":null}}},"fnMap":{"0":{"name":"(anonymous_0)","decl":{"start":{"line":3,"column":10},"end":{"line":3,"column":38}},"loc":{"start":{"line":3,"column":59},"end":{"line":5,"column":null}},"line":3},"1":{"name":"(anonymous_1)","decl":{"start":{"line":7,"column":9},"end":{"line":7,"column":16}},"loc":{"start":{"line":10,"column":4},"end":{"line":19,"column":null}},"line":10}},"branchMap":{"0":{"loc":{"start":{"line":13,"column":4},"end":{"line":14,"column":null}},"type":"if","locations":[{"start":{"line":13,"column":4},"end":{"line":14,"column":null}},{"start":{},"end":{}}],"line":13},"1":{"loc":{"start":{"line":13,"column":8},"end":{"line":13,"column":null}},"type":"binary-expr","locations":[{"start":{"line":13,"column":8},"end":{"line":13,"column":24}},{"start":{"line":13,"column":24},"end":{"line":13,"column":null}}],"line":13}},"s":{"0":2,"1":2,"2":4,"3":4,"4":2,"5":2},"f":{"0":2,"1":2},"b":{"0":[2,2],"1":[4,2]},"meta":{"lastBranch":2,"lastFunction":2,"lastStatement":6,"seen":{"f:3:10:3:38":0,"s:3:38:3:59":0,"s:4:4:4:Infinity":1,"f:7:9:7:16":1,"s:11:41:11:Infinity":2,"b:13:4:14:Infinity:undefined:undefined:undefined:undefined":0,"s:13:4:14:Infinity":3,"b:13:8:13:24:13:24:13:Infinity":1,"s:14:6:14:Infinity":4,"s:16:4:18:Infinity":5}}}
,"C:\\Users\\kangr\\Desktop\\Cursos\\Node\\06-rest-web\\src\\domain\\dtos\\todos\\update-todo.dto.ts": {"path":"C:\\Users\\kangr\\Desktop\\Cursos\\Node\\06-rest-web\\src\\domain\\dtos\\todos\\update-todo.dto.ts","statementMap":{"0":{"start":{"line":3,"column":20},"end":{"line":3,"column":null}},"1":{"start":{"line":4,"column":20},"end":{"line":4,"column":null}},"2":{"start":{"line":8,"column":45},"end":{"line":8,"column":null}},"3":{"start":{"line":9,"column":4},"end":{"line":9,"column":null}},"4":{"start":{"line":9,"column":26},"end":{"line":9,"column":null}},"5":{"start":{"line":10,"column":4},"end":{"line":10,"column":null}},"6":{"start":{"line":10,"column":26},"end":{"line":10,"column":null}},"7":{"start":{"line":11,"column":4},"end":{"line":11,"column":null}},"8":{"start":{"line":18,"column":4},"end":{"line":18,"column":null}},"9":{"start":{"line":18,"column":16},"end":{"line":18,"column":null}},"10":{"start":{"line":19,"column":41},"end":{"line":19,"column":null}},"11":{"start":{"line":21,"column":34},"end":{"line":21,"column":null}},"12":{"start":{"line":23,"column":4},"end":{"line":28,"column":null}},"13":{"start":{"line":24,"column":6},"end":{"line":24,"column":null}},"14":{"start":{"line":25,"column":6},"end":{"line":27,"column":null}},"15":{"start":{"line":26,"column":8},"end":{"line":26,"column":null}},"16":{"start":{"line":30,"column":4},"end":{"line":31,"column":null}},"17":{"start":{"line":31,"column":6},"end":{"line":31,"column":null}},"18":{"start":{"line":33,"column":4},"end":{"line":38,"column":null}}},"fnMap":{"0":{"name":"(anonymous_0)","decl":{"start":{"line":2,"column":10},"end":{"line":2,"column":null}},"loc":{"start":{"line":5,"column":4},"end":{"line":5,"column":null}},"line":5},"1":{"name":"(anonymous_1)","decl":{"start":{"line":7,"column":6},"end":{"line":7,"column":15}},"loc":{"start":{"line":7,"column":15},"end":{"line":12,"column":null}},"line":7},"2":{"name":"(anonymous_2)","decl":{"start":{"line":14,"column":9},"end":{"line":14,"column":16}},"loc":{"start":{"line":17,"column":4},"end":{"line":39,"column":null}},"line":17}},"branchMap":{"0":{"loc":{"start":{"line":9,"column":4},"end":{"line":9,"column":null}},"type":"if","locations":[{"start":{"line":9,"column":4},"end":{"line":9,"column":null}},{"start":{},"end":{}}],"line":9},"1":{"loc":{"start":{"line":10,"column":4},"end":{"line":10,"column":null}},"type":"if","locations":[{"start":{"line":10,"column":4},"end":{"line":10,"column":null}},{"start":{},"end":{}}],"line":10},"2":{"loc":{"start":{"line":18,"column":4},"end":{"line":18,"column":null}},"type":"if","locations":[{"start":{"line":18,"column":4},"end":{"line":18,"column":null}},{"start":{},"end":{}}],"line":18},"3":{"loc":{"start":{"line":23,"column":4},"end":{"line":28,"column":null}},"type":"if","locations":[{"start":{"line":23,"column":4},"end":{"line":28,"column":null}},{"start":{},"end":{}}],"line":23},"4":{"loc":{"start":{"line":25,"column":6},"end":{"line":27,"column":null}},"type":"if","locations":[{"start":{"line":25,"column":6},"end":{"line":27,"column":null}},{"start":{},"end":{}}],"line":25},"5":{"loc":{"start":{"line":30,"column":4},"end":{"line":31,"column":null}},"type":"if","locations":[{"start":{"line":30,"column":4},"end":{"line":31,"column":null}},{"start":{},"end":{}}],"line":30},"6":{"loc":{"start":{"line":30,"column":8},"end":{"line":30,"column":null}},"type":"binary-expr","locations":[{"start":{"line":30,"column":8},"end":{"line":30,"column":24}},{"start":{"line":30,"column":24},"end":{"line":30,"column":null}}],"line":30}},"s":{"0":5,"1":5,"2":3,"3":3,"4":2,"5":3,"6":1,"7":3,"8":9,"9":0,"10":9,"11":9,"12":9,"13":4,"14":4,"15":2,"16":7,"17":2,"18":5},"f":{"0":5,"1":3,"2":4},"b":{"0":[2,1],"1":[1,2],"2":[0,9],"3":[4,5],"4":[2,2],"5":[2,5],"6":[7,5]},"meta":{"lastBranch":7,"lastFunction":3,"lastStatement":19,"seen":{"f:2:10:2:Infinity":0,"s:3:20:3:Infinity":0,"s:4:20:4:Infinity":1,"f:7:6:7:15":1,"s:8:45:8:Infinity":2,"b:9:4:9:Infinity:undefined:undefined:undefined:undefined":0,"s:9:4:9:Infinity":3,"s:9:26:9:Infinity":4,"b:10:4:10:Infinity:undefined:undefined:undefined:undefined":1,"s:10:4:10:Infinity":5,"s:10:26:10:Infinity":6,"s:11:4:11:Infinity":7,"f:14:9:14:16":2,"b:18:4:18:Infinity:undefined:undefined:undefined:undefined":2,"s:18:4:18:Infinity":8,"s:18:16:18:Infinity":9,"s:19:41:19:Infinity":10,"s:21:34:21:Infinity":11,"b:23:4:28:Infinity:undefined:undefined:undefined:undefined":3,"s:23:4:28:Infinity":12,"s:24:6:24:Infinity":13,"b:25:6:27:Infinity:undefined:undefined:undefined:undefined":4,"s:25:6:27:Infinity":14,"s:26:8:26:Infinity":15,"b:30:4:31:Infinity:undefined:undefined:undefined:undefined":5,"s:30:4:31:Infinity":16,"b:30:8:30:24:30:24:30:Infinity":6,"s:31:6:31:Infinity":17,"s:33:4:38:Infinity":18}}}
,"C:\\Users\\kangr\\Desktop\\Cursos\\Node\\06-rest-web\\src\\domain\\entities\\todo.entity.ts": {"path":"C:\\Users\\kangr\\Desktop\\Cursos\\Node\\06-rest-web\\src\\domain\\entities\\todo.entity.ts","statementMap":{"0":{"start":{"line":12,"column":45},"end":{"line":12,"column":null}},"1":{"start":{"line":13,"column":4},"end":{"line":13,"column":null}},"2":{"start":{"line":14,"column":4},"end":{"line":14,"column":null}},"3":{"start":{"line":15,"column":4},"end":{"line":15,"column":null}}},"fnMap":{"0":{"name":"(anonymous_0)","decl":{"start":{"line":11,"column":2},"end":{"line":11,"column":14}},"loc":{"start":{"line":11,"column":42},"end":{"line":16,"column":null}},"line":11}},"branchMap":{},"s":{"0":30,"1":30,"2":30,"3":30},"f":{"0":30},"b":{},"meta":{"lastBranch":0,"lastFunction":1,"lastStatement":4,"seen":{"f:11:2:11:14":0,"s:12:45:12:Infinity":0,"s:13:4:13:Infinity":1,"s:14:4:14:Infinity":2,"s:15:4:15:Infinity":3}}}
,"C:\\Users\\kangr\\Desktop\\Cursos\\Node\\06-rest-web\\src\\generated\\prisma\\client.ts": {"path":"C:\\Users\\kangr\\Desktop\\Cursos\\Node\\06-rest-web\\src\\generated\\prisma\\client.ts","statementMap":{"0":{"start":{"line":16,"column":0},"end":{"line":16,"column":null}},"1":{"start":{"line":38,"column":28},"end":{"line":38,"column":null}}},"fnMap":{},"branchMap":{},"s":{"0":3,"1":3},"f":{},"b":{},"meta":{"lastBranch":0,"lastFunction":0,"lastStatement":2,"seen":{"s:16:0:16:Infinity":0,"s:38:28:38:Infinity":1}}}
,"C:\\Users\\kangr\\Desktop\\Cursos\\Node\\06-rest-web\\src\\generated\\prisma\\enums.ts": {"path":"C:\\Users\\kangr\\Desktop\\Cursos\\Node\\06-rest-web\\src\\generated\\prisma\\enums.ts","statementMap":{},"fnMap":{},"branchMap":{},"s":{},"f":{},"b":{},"meta":{"lastBranch":0,"lastFunction":0,"lastStatement":0,"seen":{}}}
,"C:\\Users\\kangr\\Desktop\\Cursos\\Node\\06-rest-web\\src\\generated\\prisma\\internal\\class.ts": {"path":"C:\\Users\\kangr\\Desktop\\Cursos\\Node\\06-rest-web\\src\\generated\\prisma\\internal\\class.ts","statementMap":{"0":{"start":{"line":18,"column":46},"end":{"line":33,"column":null}},"1":{"start":{"line":35,"column":0},"end":{"line":35,"column":null}},"2":{"start":{"line":36,"column":0},"end":{"line":39,"column":null}},"3":{"start":{"line":42,"column":21},"end":{"line":42,"column":null}},"4":{"start":{"line":43,"column":20},"end":{"line":43,"column":null}},"5":{"start":{"line":44,"column":2},"end":{"line":44,"column":null}},"6":{"start":{"line":47,"column":0},"end":{"line":56,"column":null}},"7":{"start":{"line":48,"column":26},"end":{"line":48,"column":null}},"8":{"start":{"line":51,"column":21},"end":{"line":51,"column":null}},"9":{"start":{"line":52,"column":4},"end":{"line":52,"column":null}},"10":{"start":{"line":199,"column":2},"end":{"line":199,"column":null}}},"fnMap":{"0":{"name":"decodeBase64AsWasm","decl":{"start":{"line":41,"column":15},"end":{"line":41,"column":34}},"loc":{"start":{"line":41,"column":83},"end":{"line":45,"column":null}},"line":41},"1":{"name":"(anonymous_1)","decl":{"start":{"line":48,"column":14},"end":{"line":48,"column":26}},"loc":{"start":{"line":48,"column":26},"end":{"line":48,"column":null}},"line":48},"2":{"name":"(anonymous_2)","decl":{"start":{"line":50,"column":30},"end":{"line":50,"column":42}},"loc":{"start":{"line":50,"column":42},"end":{"line":53,"column":null}},"line":50},"3":{"name":"getPrismaClientClass","decl":{"start":{"line":198,"column":16},"end":{"line":198,"column":64}},"loc":{"start":{"line":198,"column":64},"end":{"line":200,"column":null}},"line":198}},"branchMap":{},"s":{"0":3,"1":3,"2":3,"3":2,"4":2,"5":2,"6":3,"7":2,"8":2,"9":2,"10":3},"f":{"0":2,"1":2,"2":2,"3":3},"b":{},"meta":{"lastBranch":0,"lastFunction":4,"lastStatement":11,"seen":{"s:18:46:33:Infinity":0,"s:35:0:35:Infinity":1,"s:36:0:39:Infinity":2,"f:41:15:41:34":0,"s:42:21:42:Infinity":3,"s:43:20:43:Infinity":4,"s:44:2:44:Infinity":5,"s:47:0:56:Infinity":6,"f:48:14:48:26":1,"s:48:26:48:Infinity":7,"f:50:30:50:42":2,"s:51:21:51:Infinity":8,"s:52:4:52:Infinity":9,"f:198:16:198:64":3,"s:199:2:199:Infinity":10}}}
,"C:\\Users\\kangr\\Desktop\\Cursos\\Node\\06-rest-web\\src\\generated\\prisma\\internal\\prismaNamespace.ts": {"path":"C:\\Users\\kangr\\Desktop\\Cursos\\Node\\06-rest-web\\src\\generated\\prisma\\internal\\prismaNamespace.ts","statementMap":{"0":{"start":{"line":32,"column":45},"end":{"line":32,"column":null}},"1":{"start":{"line":35,"column":47},"end":{"line":35,"column":null}},"2":{"start":{"line":38,"column":42},"end":{"line":38,"column":null}},"3":{"start":{"line":41,"column":47},"end":{"line":41,"column":null}},"4":{"start":{"line":44,"column":43},"end":{"line":44,"column":null}},"5":{"start":{"line":50,"column":19},"end":{"line":50,"column":null}},"6":{"start":{"line":51,"column":21},"end":{"line":51,"column":null}},"7":{"start":{"line":52,"column":20},"end":{"line":52,"column":null}},"8":{"start":{"line":53,"column":19},"end":{"line":53,"column":null}},"9":{"start":{"line":54,"column":19},"end":{"line":54,"column":null}},"10":{"start":{"line":62,"column":23},"end":{"line":62,"column":null}},"11":{"start":{"line":71,"column":35},"end":{"line":71,"column":null}},"12":{"start":{"line":86,"column":44},"end":{"line":89,"column":null}},"13":{"start":{"line":104,"column":25},"end":{"line":108,"column":null}},"14":{"start":{"line":114,"column":22},"end":{"line":114,"column":null}},"15":{"start":{"line":121,"column":24},"end":{"line":121,"column":null}},"16":{"start":{"line":128,"column":23},"end":{"line":128,"column":null}},"17":{"start":{"line":386,"column":25},"end":{"line":388,"column":null}},"18":{"start":{"line":510,"column":41},"end":{"line":515,"column":null}},"19":{"start":{"line":520,"column":35},"end":{"line":524,"column":null}},"20":{"start":{"line":529,"column":25},"end":{"line":532,"column":null}},"21":{"start":{"line":537,"column":25},"end":{"line":540,"column":null}},"22":{"start":{"line":545,"column":26},"end":{"line":548,"column":null}},"23":{"start":{"line":621,"column":31},"end":{"line":621,"column":null}}},"fnMap":{},"branchMap":{},"s":{"0":3,"1":3,"2":3,"3":3,"4":3,"5":3,"6":3,"7":3,"8":3,"9":3,"10":3,"11":3,"12":3,"13":3,"14":3,"15":3,"16":3,"17":3,"18":3,"19":3,"20":3,"21":3,"22":3,"23":3},"f":{},"b":{},"meta":{"lastBranch":0,"lastFunction":0,"lastStatement":24,"seen":{"s:32:45:32:Infinity":0,"s:35:47:35:Infinity":1,"s:38:42:38:Infinity":2,"s:41:47:41:Infinity":3,"s:44:43:44:Infinity":4,"s:50:19:50:Infinity":5,"s:51:21:51:Infinity":6,"s:52:20:52:Infinity":7,"s:53:19:53:Infinity":8,"s:54:19:54:Infinity":9,"s:62:23:62:Infinity":10,"s:71:35:71:Infinity":11,"s:86:44:89:Infinity":12,"s:104:25:108:Infinity":13,"s:114:22:114:Infinity":14,"s:121:24:121:Infinity":15,"s:128:23:128:Infinity":16,"s:386:25:388:Infinity":17,"s:510:41:515:Infinity":18,"s:520:35:524:Infinity":19,"s:529:25:532:Infinity":20,"s:537:25:540:Infinity":21,"s:545:26:548:Infinity":22,"s:621:31:621:Infinity":23}}}
,"C:\\Users\\kangr\\Desktop\\Cursos\\Node\\06-rest-web\\src\\infraestructure\\datasources\\postgres.datasource.ts": {"path":"C:\\Users\\kangr\\Desktop\\Cursos\\Node\\06-rest-web\\src\\infraestructure\\datasources\\postgres.datasource.ts","statementMap":{"0":{"start":{"line":9,"column":20},"end":{"line":11,"column":null}},"1":{"start":{"line":13,"column":4},"end":{"line":13,"column":null}},"2":{"start":{"line":17,"column":24},"end":{"line":20,"column":null}},"3":{"start":{"line":21,"column":4},"end":{"line":21,"column":null}},"4":{"start":{"line":25,"column":18},"end":{"line":25,"column":null}},"5":{"start":{"line":26,"column":4},"end":{"line":26,"column":null}},"6":{"start":{"line":26,"column":34},"end":{"line":26,"column":57}},"7":{"start":{"line":30,"column":20},"end":{"line":34,"column":null}},"8":{"start":{"line":35,"column":4},"end":{"line":35,"column":null}},"9":{"start":{"line":39,"column":20},"end":{"line":39,"column":null}},"10":{"start":{"line":40,"column":4},"end":{"line":40,"column":null}}},"fnMap":{"0":{"name":"(anonymous_0)","decl":{"start":{"line":8,"column":8},"end":{"line":8,"column":15}},"loc":{"start":{"line":8,"column":67},"end":{"line":14,"column":null}},"line":8},"1":{"name":"(anonymous_1)","decl":{"start":{"line":16,"column":8},"end":{"line":16,"column":15}},"loc":{"start":{"line":16,"column":78},"end":{"line":22,"column":null}},"line":16},"2":{"name":"(anonymous_2)","decl":{"start":{"line":24,"column":8},"end":{"line":24,"column":40}},"loc":{"start":{"line":24,"column":40},"end":{"line":27,"column":null}},"line":24},"3":{"name":"(anonymous_3)","decl":{"start":{"line":26,"column":21},"end":{"line":26,"column":22}},"loc":{"start":{"line":26,"column":34},"end":{"line":26,"column":57}},"line":26},"4":{"name":"(anonymous_4)","decl":{"start":{"line":29,"column":8},"end":{"line":29,"column":16}},"loc":{"start":{"line":29,"column":56},"end":{"line":36,"column":null}},"line":29},"5":{"name":"(anonymous_5)","decl":{"start":{"line":38,"column":8},"end":{"line":38,"column":19}},"loc":{"start":{"line":38,"column":52},"end":{"line":41,"column":null}},"line":38}},"branchMap":{"0":{"loc":{"start":{"line":35,"column":11},"end":{"line":35,"column":null}},"type":"cond-expr","locations":[{"start":{"line":35,"column":30},"end":{"line":35,"column":56}},{"start":{"line":35,"column":56},"end":{"line":35,"column":null}}],"line":35}},"s":{"0":14,"1":14,"2":1,"3":1,"4":5,"5":5,"6":6,"7":10,"8":10,"9":2,"10":2},"f":{"0":14,"1":1,"2":5,"3":6,"4":10,"5":2},"b":{"0":[6,4]},"meta":{"lastBranch":1,"lastFunction":6,"lastStatement":11,"seen":{"f:8:8:8:15":0,"s:9:20:11:Infinity":0,"s:13:4:13:Infinity":1,"f:16:8:16:15":1,"s:17:24:20:Infinity":2,"s:21:4:21:Infinity":3,"f:24:8:24:40":2,"s:25:18:25:Infinity":4,"s:26:4:26:Infinity":5,"f:26:21:26:22":3,"s:26:34:26:57":6,"f:29:8:29:16":4,"s:30:20:34:Infinity":7,"s:35:4:35:Infinity":8,"b:35:30:35:56:35:56:35:Infinity":0,"f:38:8:38:19":5,"s:39:20:39:Infinity":9,"s:40:4:40:Infinity":10}}}
,"C:\\Users\\kangr\\Desktop\\Cursos\\Node\\06-rest-web\\src\\infraestructure\\repositories\\todo.repository.impl.ts": {"path":"C:\\Users\\kangr\\Desktop\\Cursos\\Node\\06-rest-web\\src\\infraestructure\\repositories\\todo.repository.impl.ts","statementMap":{"0":{"start":{"line":7,"column":31},"end":{"line":7,"column":63}},"1":{"start":{"line":9,"column":4},"end":{"line":9,"column":null}},"2":{"start":{"line":12,"column":4},"end":{"line":12,"column":null}},"3":{"start":{"line":15,"column":4},"end":{"line":15,"column":null}},"4":{"start":{"line":18,"column":4},"end":{"line":18,"column":null}},"5":{"start":{"line":21,"column":4},"end":{"line":21,"column":null}}},"fnMap":{"0":{"name":"(anonymous_0)","decl":{"start":{"line":7,"column":2},"end":{"line":7,"column":31}},"loc":{"start":{"line":7,"column":63},"end":{"line":7,"column":null}},"line":7},"1":{"name":"(anonymous_1)","decl":{"start":{"line":8,"column":8},"end":{"line":8,"column":15}},"loc":{"start":{"line":8,"column":67},"end":{"line":10,"column":null}},"line":8},"2":{"name":"(anonymous_2)","decl":{"start":{"line":11,"column":8},"end":{"line":11,"column":15}},"loc":{"start":{"line":11,"column":78},"end":{"line":13,"column":null}},"line":11},"3":{"name":"(anonymous_3)","decl":{"start":{"line":14,"column":8},"end":{"line":14,"column":40}},"loc":{"start":{"line":14,"column":40},"end":{"line":16,"column":null}},"line":14},"4":{"name":"(anonymous_4)","decl":{"start":{"line":17,"column":8},"end":{"line":17,"column":16}},"loc":{"start":{"line":17,"column":56},"end":{"line":19,"column":null}},"line":17},"5":{"name":"(anonymous_5)","decl":{"start":{"line":20,"column":8},"end":{"line":20,"column":19}},"loc":{"start":{"line":20,"column":52},"end":{"line":22,"column":null}},"line":20}},"branchMap":{},"s":{"0":1,"1":1,"2":1,"3":1,"4":1,"5":1},"f":{"0":1,"1":1,"2":1,"3":1,"4":1,"5":1},"b":{},"meta":{"lastBranch":0,"lastFunction":6,"lastStatement":6,"seen":{"f:7:2:7:31":0,"s:7:31:7:63":0,"f:8:8:8:15":1,"s:9:4:9:Infinity":1,"f:11:8:11:15":2,"s:12:4:12:Infinity":2,"f:14:8:14:40":3,"s:15:4:15:Infinity":3,"f:17:8:17:16":4,"s:18:4:18:Infinity":4,"f:20:8:20:19":5,"s:21:4:21:Infinity":5}}}
,"C:\\Users\\kangr\\Desktop\\Cursos\\Node\\06-rest-web\\src\\presentation\\routes.ts": {"path":"C:\\Users\\kangr\\Desktop\\Cursos\\Node\\06-rest-web\\src\\presentation\\routes.ts","statementMap":{"0":{"start":{"line":7,"column":10},"end":{"line":7,"column":null}},"1":{"start":{"line":9,"column":4},"end":{"line":9,"column":null}},"2":{"start":{"line":10,"column":4},"end":{"line":10,"column":null}}},"fnMap":{"0":{"name":"(anonymous_0)","decl":{"start":{"line":6,"column":13},"end":{"line":6,"column":30}},"loc":{"start":{"line":6,"column":30},"end":{"line":11,"column":null}},"line":6}},"branchMap":{},"s":{"0":2,"1":2,"2":2},"f":{"0":2},"b":{},"meta":{"lastBranch":0,"lastFunction":1,"lastStatement":3,"seen":{"f:6:13:6:30":0,"s:7:10:7:Infinity":0,"s:9:4:9:Infinity":1,"s:10:4:10:Infinity":2}}}
,"C:\\Users\\kangr\\Desktop\\Cursos\\Node\\06-rest-web\\src\\presentation\\server.ts": {"path":"C:\\Users\\kangr\\Desktop\\Cursos\\Node\\06-rest-web\\src\\presentation\\server.ts","statementMap":{"0":{"start":{"line":10,"column":18},"end":{"line":10,"column":null}},"1":{"start":{"line":48,"column":10},"end":{"line":50,"column":null}},"2":{"start":{"line":18,"column":4},"end":{"line":18,"column":null}},"3":{"start":{"line":19,"column":4},"end":{"line":19,"column":null}},"4":{"start":{"line":20,"column":4},"end":{"line":20,"column":null}},"5":{"start":{"line":25,"column":4},"end":{"line":25,"column":null}},"6":{"start":{"line":26,"column":4},"end":{"line":26,"column":null}},"7":{"start":{"line":29,"column":4},"end":{"line":29,"column":null}},"8":{"start":{"line":32,"column":4},"end":{"line":32,"column":null}},"9":{"start":{"line":35,"column":4},"end":{"line":41,"column":null}},"10":{"start":{"line":36,"column":24},"end":{"line":39,"column":null}},"11":{"start":{"line":40,"column":6},"end":{"line":40,"column":null}},"12":{"start":{"line":43,"column":4},"end":{"line":45,"column":null}},"13":{"start":{"line":44,"column":6},"end":{"line":44,"column":null}},"14":{"start":{"line":49,"column":4},"end":{"line":49,"column":null}}},"fnMap":{"0":{"name":"(anonymous_0)","decl":{"start":{"line":17,"column":2},"end":{"line":17,"column":14}},"loc":{"start":{"line":17,"column":53},"end":{"line":21,"column":null}},"line":17},"1":{"name":"(anonymous_1)","decl":{"start":{"line":23,"column":8},"end":{"line":23,"column":16}},"loc":{"start":{"line":23,"column":16},"end":{"line":46,"column":null}},"line":23},"2":{"name":"(anonymous_2)","decl":{"start":{"line":35,"column":30},"end":{"line":35,"column":31}},"loc":{"start":{"line":35,"column":44},"end":{"line":41,"column":5}},"line":35},"3":{"name":"(anonymous_3)","decl":{"start":{"line":43,"column":53},"end":{"line":43,"column":59}},"loc":{"start":{"line":43,"column":59},"end":{"line":45,"column":5}},"line":43},"4":{"name":"(anonymous_4)","decl":{"start":{"line":48,"column":10},"end":{"line":48,"column":22}},"loc":{"start":{"line":48,"column":22},"end":{"line":50,"column":null}},"line":48}},"branchMap":{},"s":{"0":1,"1":1,"2":1,"3":1,"4":1,"5":1,"6":1,"7":1,"8":1,"9":1,"10":0,"11":0,"12":1,"13":1,"14":1},"f":{"0":1,"1":1,"2":0,"3":1,"4":1},"b":{},"meta":{"lastBranch":0,"lastFunction":5,"lastStatement":15,"seen":{"s:10:18:10:Infinity":0,"s:48:10:50:Infinity":1,"f:17:2:17:14":0,"s:18:4:18:Infinity":2,"s:19:4:19:Infinity":3,"s:20:4:20:Infinity":4,"f:23:8:23:16":1,"s:25:4:25:Infinity":5,"s:26:4:26:Infinity":6,"s:29:4:29:Infinity":7,"s:32:4:32:Infinity":8,"s:35:4:41:Infinity":9,"f:35:30:35:31":2,"s:36:24:39:Infinity":10,"s:40:6:40:Infinity":11,"s:43:4:45:Infinity":12,"f:43:53:43:59":3,"s:44:6:44:Infinity":13,"f:48:10:48:22":4,"s:49:4:49:Infinity":14}}}
,"C:\\Users\\kangr\\Desktop\\Cursos\\Node\\06-rest-web\\src\\presentation\\todos\\controller.ts": {"path":"C:\\Users\\kangr\\Desktop\\Cursos\\Node\\06-rest-web\\src\\presentation\\todos\\controller.ts","statementMap":{"0":{"start":{"line":10,"column":13},"end":{"line":13,"column":null}},"1":{"start":{"line":15,"column":16},"end":{"line":24,"column":null}},"2":{"start":{"line":26,"column":15},"end":{"line":35,"column":null}},"3":{"start":{"line":37,"column":15},"end":{"line":64,"column":null}},"4":{"start":{"line":66,"column":15},"end":{"line":83,"column":null}},"5":{"start":{"line":8,"column":31},"end":{"line":8,"column":63}},"6":{"start":{"line":11,"column":18},"end":{"line":11,"column":null}},"7":{"start":{"line":12,"column":4},"end":{"line":12,"column":null}},"8":{"start":{"line":16,"column":15},"end":{"line":16,"column":null}},"9":{"start":{"line":17,"column":4},"end":{"line":18,"column":null}},"10":{"start":{"line":18,"column":6},"end":{"line":18,"column":null}},"11":{"start":{"line":19,"column":17},"end":{"line":19,"column":null}},"12":{"start":{"line":21,"column":4},"end":{"line":23,"column":null}},"13":{"start":{"line":27,"column":21},"end":{"line":27,"column":null}},"14":{"start":{"line":28,"column":42},"end":{"line":28,"column":null}},"15":{"start":{"line":30,"column":4},"end":{"line":30,"column":null}},"16":{"start":{"line":30,"column":38},"end":{"line":30,"column":null}},"17":{"start":{"line":32,"column":20},"end":{"line":32,"column":null}},"18":{"start":{"line":34,"column":4},"end":{"line":34,"column":null}},"19":{"start":{"line":38,"column":15},"end":{"line":38,"column":null}},"20":{"start":{"line":39,"column":21},"end":{"line":39,"column":null}},"21":{"start":{"line":41,"column":4},"end":{"line":42,"column":null}},"22":{"start":{"line":42,"column":6},"end":{"line":42,"column":null}},"23":{"start":{"line":44,"column":4},"end":{"line":47,"column":null}},"24":{"start":{"line":45,"column":6},"end":{"line":47,"column":null}},"25":{"start":{"line":49,"column":17},"end":{"line":49,"column":null}},"26":{"start":{"line":51,"column":4},"end":{"line":52,"column":null}},"27":{"start":{"line":52,"column":6},"end":{"line":52,"column":null}},"28":{"start":{"line":54,"column":42},"end":{"line":54,"column":null}},"29":{"start":{"line":56,"column":4},"end":{"line":56,"column":null}},"30":{"start":{"line":56,"column":38},"end":{"line":56,"column":null}},"31":{"start":{"line":58,"column":24},"end":{"line":61,"column":null}},"32":{"start":{"line":63,"column":4},"end":{"line":63,"column":null}},"33":{"start":{"line":67,"column":15},"end":{"line":67,"column":null}},"34":{"start":{"line":68,"column":4},"end":{"line":68,"column":null}},"35":{"start":{"line":68,"column":19},"end":{"line":68,"column":null}},"36":{"start":{"line":70,"column":25},"end":{"line":70,"column":null}},"37":{"start":{"line":72,"column":4},"end":{"line":73,"column":null}},"38":{"start":{"line":73,"column":6},"end":{"line":73,"column":null}},"39":{"start":{"line":75,"column":4},"end":{"line":82,"column":null}},"40":{"start":{"line":76,"column":19},"end":{"line":76,"column":null}},"41":{"start":{"line":77,"column":6},"end":{"line":77,"column":null}},"42":{"start":{"line":79,"column":6},"end":{"line":81,"column":null}}},"fnMap":{"0":{"name":"(anonymous_0)","decl":{"start":{"line":8,"column":2},"end":{"line":8,"column":31}},"loc":{"start":{"line":8,"column":63},"end":{"line":8,"column":null}},"line":8},"1":{"name":"(anonymous_1)","decl":{"start":{"line":10,"column":13},"end":{"line":10,"column":20}},"loc":{"start":{"line":10,"column":52},"end":{"line":13,"column":null}},"line":10},"2":{"name":"(anonymous_2)","decl":{"start":{"line":15,"column":16},"end":{"line":15,"column":23}},"loc":{"start":{"line":15,"column":55},"end":{"line":24,"column":null}},"line":15},"3":{"name":"(anonymous_3)","decl":{"start":{"line":26,"column":15},"end":{"line":26,"column":22}},"loc":{"start":{"line":26,"column":54},"end":{"line":35,"column":null}},"line":26},"4":{"name":"(anonymous_4)","decl":{"start":{"line":37,"column":15},"end":{"line":37,"column":22}},"loc":{"start":{"line":37,"column":54},"end":{"line":64,"column":null}},"line":37},"5":{"name":"(anonymous_5)","decl":{"start":{"line":66,"column":15},"end":{"line":66,"column":22}},"loc":{"start":{"line":66,"column":54},"end":{"line":83,"column":null}},"line":66}},"branchMap":{"0":{"loc":{"start":{"line":17,"column":4},"end":{"line":18,"column":null}},"type":"if","locations":[{"start":{"line":17,"column":4},"end":{"line":18,"column":null}},{"start":{},"end":{}}],"line":17},"1":{"loc":{"start":{"line":21,"column":11},"end":{"line":23,"column":null}},"type":"cond-expr","locations":[{"start":{"line":22,"column":8},"end":{"line":22,"column":null}},{"start":{"line":23,"column":8},"end":{"line":23,"column":null}}],"line":21},"2":{"loc":{"start":{"line":30,"column":4},"end":{"line":30,"column":null}},"type":"if","locations":[{"start":{"line":30,"column":4},"end":{"line":30,"column":null}},{"start":{},"end":{}}],"line":30},"3":{"loc":{"start":{"line":30,"column":8},"end":{"line":30,"column":38}},"type":"binary-expr","locations":[{"start":{"line":30,"column":8},"end":{"line":30,"column":17}},{"start":{"line":30,"column":17},"end":{"line":30,"column":38}}],"line":30},"4":{"loc":{"start":{"line":41,"column":4},"end":{"line":42,"column":null}},"type":"if","locations":[{"start":{"line":41,"column":4},"end":{"line":42,"column":null}},{"start":{},"end":{}}],"line":41},"5":{"loc":{"start":{"line":44,"column":4},"end":{"line":47,"column":null}},"type":"if","locations":[{"start":{"line":44,"column":4},"end":{"line":47,"column":null}},{"start":{},"end":{}}],"line":44},"6":{"loc":{"start":{"line":51,"column":4},"end":{"line":52,"column":null}},"type":"if","locations":[{"start":{"line":51,"column":4},"end":{"line":52,"column":null}},{"start":{},"end":{}}],"line":51},"7":{"loc":{"start":{"line":56,"column":4},"end":{"line":56,"column":null}},"type":"if","locations":[{"start":{"line":56,"column":4},"end":{"line":56,"column":null}},{"start":{},"end":{}}],"line":56},"8":{"loc":{"start":{"line":56,"column":8},"end":{"line":56,"column":38}},"type":"binary-expr","locations":[{"start":{"line":56,"column":8},"end":{"line":56,"column":17}},{"start":{"line":56,"column":17},"end":{"line":56,"column":38}}],"line":56},"9":{"loc":{"start":{"line":68,"column":4},"end":{"line":68,"column":null}},"type":"if","locations":[{"start":{"line":68,"column":4},"end":{"line":68,"column":null}},{"start":{},"end":{}}],"line":68},"10":{"loc":{"start":{"line":72,"column":4},"end":{"line":73,"column":null}},"type":"if","locations":[{"start":{"line":72,"column":4},"end":{"line":73,"column":null}},{"start":{},"end":{}}],"line":72}},"s":{"0":1,"1":3,"2":2,"3":6,"4":3,"5":2,"6":1,"7":1,"8":3,"9":3,"10":1,"11":2,"12":2,"13":2,"14":2,"15":2,"16":1,"17":1,"18":1,"19":6,"20":6,"21":6,"22":1,"23":5,"24":5,"25":4,"26":4,"27":1,"28":3,"29":3,"30":2,"31":1,"32":1,"33":3,"34":3,"35":1,"36":2,"37":2,"38":2,"39":1,"40":1,"41":1,"42":0},"f":{"0":2,"1":1,"2":3,"3":2,"4":6,"5":3},"b":{"0":[1,2],"1":[1,1],"2":[1,1],"3":[2,1],"4":[1,5],"5":[1,4],"6":[1,3],"7":[2,1],"8":[3,1],"9":[1,2],"10":[1,1]},"meta":{"lastBranch":11,"lastFunction":6,"lastStatement":43,"seen":{"s:10:13:13:Infinity":0,"s:15:16:24:Infinity":1,"s:26:15:35:Infinity":2,"s:37:15:64:Infinity":3,"s:66:15:83:Infinity":4,"f:8:2:8:31":0,"s:8:31:8:63":5,"f:10:13:10:20":1,"s:11:18:11:Infinity":6,"s:12:4:12:Infinity":7,"f:15:16:15:23":2,"s:16:15:16:Infinity":8,"b:17:4:18:Infinity:undefined:undefined:undefined:undefined":0,"s:17:4:18:Infinity":9,"s:18:6:18:Infinity":10,"s:19:17:19:Infinity":11,"s:21:4:23:Infinity":12,"b:22:8:22:Infinity:23:8:23:Infinity":1,"f:26:15:26:22":3,"s:27:21:27:Infinity":13,"s:28:42:28:Infinity":14,"b:30:4:30:Infinity:undefined:undefined:undefined:undefined":2,"s:30:4:30:Infinity":15,"b:30:8:30:17:30:17:30:38":3,"s:30:38:30:Infinity":16,"s:32:20:32:Infinity":17,"s:34:4:34:Infinity":18,"f:37:15:37:22":4,"s:38:15:38:Infinity":19,"s:39:21:39:Infinity":20,"b:41:4:42:Infinity:undefined:undefined:undefined:undefined":4,"s:41:4:42:Infinity":21,"s:42:6:42:Infinity":22,"b:44:4:47:Infinity:undefined:undefined:undefined:undefined":5,"s:44:4:47:Infinity":23,"s:45:6:47:Infinity":24,"s:49:17:49:Infinity":25,"b:51:4:52:Infinity:undefined:undefined:undefined:undefined":6,"s:51:4:52:Infinity":26,"s:52:6:52:Infinity":27,"s:54:42:54:Infinity":28,"b:56:4:56:Infinity:undefined:undefined:undefined:undefined":7,"s:56:4:56:Infinity":29,"b:56:8:56:17:56:17:56:38":8,"s:56:38:56:Infinity":30,"s:58:24:61:Infinity":31,"s:63:4:63:Infinity":32,"f:66:15:66:22":5,"s:67:15:67:Infinity":33,"b:68:4:68:Infinity:undefined:undefined:undefined:undefined":9,"s:68:4:68:Infinity":34,"s:68:19:68:Infinity":35,"s:70:25:70:Infinity":36,"b:72:4:73:Infinity:undefined:undefined:undefined:undefined":10,"s:72:4:73:Infinity":37,"s:73:6:73:Infinity":38,"s:75:4:82:Infinity":39,"s:76:19:76:Infinity":40,"s:77:6:77:Infinity":41,"s:79:6:81:Infinity":42}}}
,"C:\\Users\\kangr\\Desktop\\Cursos\\Node\\06-rest-web\\src\\presentation\\todos\\routes.ts": {"path":"C:\\Users\\kangr\\Desktop\\Cursos\\Node\\06-rest-web\\src\\presentation\\todos\\routes.ts","statementMap":{"0":{"start":{"line":7,"column":10},"end":{"line":7,"column":null}},"1":{"start":{"line":8,"column":31},"end":{"line":8,"column":null}},"2":{"start":{"line":9,"column":28},"end":{"line":9,"column":null}},"3":{"start":{"line":11,"column":4},"end":{"line":11,"column":null}},"4":{"start":{"line":12,"column":4},"end":{"line":12,"column":null}},"5":{"start":{"line":13,"column":4},"end":{"line":13,"column":null}},"6":{"start":{"line":14,"column":4},"end":{"line":14,"column":null}},"7":{"start":{"line":15,"column":4},"end":{"line":15,"column":null}},"8":{"start":{"line":17,"column":4},"end":{"line":17,"column":null}}},"fnMap":{"0":{"name":"(anonymous_0)","decl":{"start":{"line":6,"column":13},"end":{"line":6,"column":30}},"loc":{"start":{"line":6,"column":30},"end":{"line":18,"column":null}},"line":6}},"branchMap":{},"s":{"0":2,"1":2,"2":2,"3":2,"4":2,"5":2,"6":2,"7":2,"8":2},"f":{"0":2},"b":{},"meta":{"lastBranch":0,"lastFunction":1,"lastStatement":9,"seen":{"f:6:13:6:30":0,"s:7:10:7:Infinity":0,"s:8:31:8:Infinity":1,"s:9:28:9:Infinity":2,"s:11:4:11:Infinity":3,"s:12:4:12:Infinity":4,"s:13:4:13:Infinity":5,"s:14:4:14:Infinity":6,"s:15:4:15:Infinity":7,"s:17:4:17:Infinity":8}}}
,"C:\\Users\\kangr\\Desktop\\Cursos\\Node\\06-rest-web\\tests\\presentation\\test-server.ts": {"path":"C:\\Users\\kangr\\Desktop\\Cursos\\Node\\06-rest-web\\tests\\presentation\\test-server.ts","statementMap":{"0":{"start":{"line":5,"column":40},"end":{"line":5,"column":null}},"1":{"start":{"line":7,"column":26},"end":{"line":11,"column":null}}},"fnMap":{},"branchMap":{},"s":{"0":1,"1":1},"f":{},"b":{},"meta":{"lastBranch":0,"lastFunction":0,"lastStatement":2,"seen":{"s:5:40:5:Infinity":0,"s:7:26:11:Infinity":1}}}
}
